#
# There is insufficient memory for the Java Runtime Environment to continue.
# Native memory allocation (mmap) failed to map 132120576 bytes for G1 virtual space
# Possible reasons:
#   The system is out of physical RAM or swap space
#   The process is running with CompressedOops enabled, and the Java Heap may be blocking the growth of the native heap
# Possible solutions:
#   Reduce memory load on the system
#   Increase physical memory or swap space
#   Check if swap backing store is full
#   Decrease Java heap size (-Xmx/-Xms)
#   Decrease number of Java threads
#   Decrease Java thread stack sizes (-Xss)
#   Set larger code cache with -XX:ReservedCodeCacheSize=
#   JVM is running with Unscaled Compressed Oops mode in which the Java heap is
#     placed in the first 4GB address space. The Java Heap base address is the
#     maximum limit for the native heap growth. Please use -XX:HeapBaseMinAddress
#     to set the Java Heap base and to place the Java Heap above 4GB virtual address.
# This output file may be truncated or incomplete.
#
#  Out of Memory Error (os_windows.cpp:3466), pid=27444, tid=10288
#
# JRE version:  (16.0.1+9) (build )
# Java VM: Java HotSpot(TM) 64-Bit Server VM (16.0.1+9-24, mixed mode, sharing, tiered, compressed oops, compressed class ptrs, g1 gc, windows-amd64)
# No core dump will be written. Minidumps are not enabled by default on client versions of Windows
#

---------------  S U M M A R Y ------------

Command Line: -Dfile.encoding=Cp1252 -XX:+ShowCodeDetailsInExceptionMessages Main

Host: AMD Ryzen 5 3550H with Radeon Vega Mobile Gfx  , 8 cores, 7G,  Windows 10 , 64 bit Build 19041 (10.0.19041.1023)
Time: Thu Jul 29 19:17:08 2021 SE Asia Standard Time elapsed time: 0.011865 seconds (0d 0h 0m 0s)

---------------  T H R E A D  ---------------

Current thread (0x000001a641236460):  JavaThread "Unknown thread" [_thread_in_vm, id=10288, stack(0x0000000100600000,0x0000000100700000)]

Stack: [0x0000000100600000,0x0000000100700000]
Native frames: (J=compiled Java code, j=interpreted, Vv=VM code, C=native code)
V  [jvm.dll+0x6687ca]
V  [jvm.dll+0x7ca3c9]
V  [jvm.dll+0x7cbb53]
V  [jvm.dll+0x7cc1b3]
V  [jvm.dll+0x242ea5]
V  [jvm.dll+0x665589]
V  [jvm.dll+0x65a175]
V  [jvm.dll+0x2fc5ab]
V  [jvm.dll+0x3037a6]
V  [jvm.dll+0x352fee]
V  [jvm.dll+0x35321f]
V  [jvm.dll+0x2d3618]
V  [jvm.dll+0x2d4854]
V  [jvm.dll+0x79ccb1]
V  [jvm.dll+0x360de1]
V  [jvm.dll+0x77a990]
V  [jvm.dll+0x3e55af]
V  [jvm.dll+0x3e7081]
C  [jli.dll+0x52fb]
C  [ucrtbase.dll+0x21bb2]
C  [KERNEL32.DLL+0x17034]
C  [ntdll.dll+0x52651]


---------------  P R O C E S S  ---------------

Threads class SMR info:
_java_thread_list=0x00007ffc391dcbb8, length=0, elements={
}

Java Threads: ( => current thread )

Other Threads:
  0x000001a641276b80 GCTaskThread "GC Thread#0" [stack: 0x0000000100700000,0x0000000100800000] [id=15800]
  0x000001a641287ea0 ConcurrentGCThread "G1 Main Marker" [stack: 0x0000000100800000,0x0000000100900000] [id=22304]
  0x000001a641288990 ConcurrentGCThread "G1 Conc#0" [stack: 0x0000000100900000,0x0000000100a00000] [id=12268]

[error occurred during error reporting (printing all threads), id 0xc0000005, EXCEPTION_ACCESS_VIOLATION (0xc0000005) at pc=0x00007ffc389b44d7]

VM state: not at safepoint (not fully initialized)

VM Mutex/Monitor currently owned by a thread:  ([mutex/lock_event])
[0x000001a641233ae0] Heap_lock - owner thread: 0x000001a641236460

Heap address: 0x0000000082e00000, size: 2002 MB, Compressed Oops mode: 32-bit

CDS archive(s) mapped at: [0x0000000000000000-0x0000000000000000-0x0000000000000000), size 0, SharedBaseAddress: 0x0000000800000000, ArchiveRelocationMode: 0.
Narrow klass base: 0x0000000000000000, Narrow klass shift: 0, Narrow klass range: 0x0

GC Precious Log:
<Empty>

Heap:
 garbage-first heap   total 0K, used 0K [0x0000000082e00000, 0x0000000100000000)
  region size 1024K, 0 young (0K), 0 survivors (0K)

[error occurred during error reporting (printing heap information), id 0xc0000005, EXCEPTION_ACCESS_VIOLATION (0xc0000005) at pc=0x00007ffc38d924ed]

GC Heap History (0 events):
No events

Deoptimization events (0 events):
No events

Classes unloaded (0 events):
No events

Classes redefined (0 events):
No events

Internal exceptions (0 events):
No events

Events (1 events):
Event: 0.008 Loaded shared library C:\Program Files\Java\jdk-16.0.1\bin\java.dll


Dynamic libraries:
0x00007ff7bc200000 - 0x00007ff7bc210000 	C:\Program Files\Java\jdk-16.0.1\bin\javaw.exe
0x00007ffc9a150000 - 0x00007ffc9a345000 	C:\Windows\SYSTEM32\ntdll.dll
0x00007ffc981c0000 - 0x00007ffc9827d000 	C:\Windows\System32\KERNEL32.DLL
0x00007ffc97a20000 - 0x00007ffc97ce9000 	C:\Windows\System32\KERNELBASE.dll
0x00007ffc97890000 - 0x00007ffc97990000 	C:\Windows\System32\ucrtbase.dll
0x00007ffc8cce0000 - 0x00007ffc8ccf9000 	C:\Program Files\Java\jdk-16.0.1\bin\VCRUNTIME140.dll
0x00007ffc93790000 - 0x00007ffc937a8000 	C:\Program Files\Java\jdk-16.0.1\bin\jli.dll
0x00007ffc9a060000 - 0x00007ffc9a10c000 	C:\Windows\System32\ADVAPI32.dll
0x00007ffc98b60000 - 0x00007ffc98bfe000 	C:\Windows\System32\msvcrt.dll
0x00007ffc99f40000 - 0x00007ffc99fdb000 	C:\Windows\System32\sechost.dll
0x00007ffc98290000 - 0x00007ffc983ba000 	C:\Windows\System32\RPCRT4.dll
0x00007ffc99da0000 - 0x00007ffc99f40000 	C:\Windows\System32\USER32.dll
0x00007ffc87af0000 - 0x00007ffc87d8a000 	C:\Windows\WinSxS\amd64_microsoft.windows.common-controls_6595b64144ccf1df_6.0.19041.1110_none_60b5254171f9507e\COMCTL32.dll
0x00007ffc97ef0000 - 0x00007ffc97f12000 	C:\Windows\System32\win32u.dll
0x00007ffc98810000 - 0x00007ffc9883a000 	C:\Windows\System32\GDI32.dll
0x00007ffc97de0000 - 0x00007ffc97eeb000 	C:\Windows\System32\gdi32full.dll
0x00007ffc97cf0000 - 0x00007ffc97d8d000 	C:\Windows\System32\msvcp_win.dll
0x00007ffc8f690000 - 0x00007ffc8f69a000 	C:\Windows\SYSTEM32\VERSION.dll
0x00007ffc99190000 - 0x00007ffc991c0000 	C:\Windows\System32\IMM32.DLL
0x00007ffc91ff0000 - 0x00007ffc91ffc000 	C:\Program Files\Java\jdk-16.0.1\bin\vcruntime140_1.dll
0x00007ffc6a8b0000 - 0x00007ffc6a941000 	C:\Program Files\Java\jdk-16.0.1\bin\msvcp140.dll
0x00007ffc386d0000 - 0x00007ffc3927b000 	C:\Program Files\Java\jdk-16.0.1\bin\server\jvm.dll
0x00007ffc98c80000 - 0x00007ffc98c88000 	C:\Windows\System32\PSAPI.DLL
0x00007ffc8ef40000 - 0x00007ffc8ef67000 	C:\Windows\SYSTEM32\WINMM.dll
0x00007ffc8ef30000 - 0x00007ffc8ef39000 	C:\Windows\SYSTEM32\WSOCK32.dll
0x00007ffc98840000 - 0x00007ffc988ab000 	C:\Windows\System32\WS2_32.dll
0x00007ffc957c0000 - 0x00007ffc957d2000 	C:\Windows\SYSTEM32\kernel.appcore.dll
0x00007ffc892c0000 - 0x00007ffc892ca000 	C:\Program Files\Java\jdk-16.0.1\bin\jimage.dll
0x00007ffc85100000 - 0x00007ffc852e4000 	C:\Windows\SYSTEM32\DBGHELP.DLL
0x00007ffc84fc0000 - 0x00007ffc84fec000 	C:\Windows\SYSTEM32\dbgcore.DLL
0x00007ffc98080000 - 0x00007ffc98103000 	C:\Windows\System32\bcryptPrimitives.dll
0x00007ffc7e610000 - 0x00007ffc7e635000 	C:\Program Files\Java\jdk-16.0.1\bin\java.dll

dbghelp: loaded successfully - version: 4.0.5 - missing functions: none
symbol engine: initialized successfully - sym options: 0x614 - pdb path: .;C:\Program Files\Java\jdk-16.0.1\bin;C:\Windows\SYSTEM32;C:\Windows\WinSxS\amd64_microsoft.windows.common-controls_6595b64144ccf1df_6.0.19041.1110_none_60b5254171f9507e;C:\Program Files\Java\jdk-16.0.1\bin\server

VM Arguments:
jvm_args: -Dfile.encoding=Cp1252 -XX:+ShowCodeDetailsInExceptionMessages 
java_command: Main
java_class_path (initial): D:\Eclip Project\OPGas\bin
Launcher Type: SUN_STANDARD

[Global flags]
     intx CICompilerCount                          = 4                                         {product} {ergonomic}
     uint ConcGCThreads                            = 2                                         {product} {ergonomic}
     uint G1ConcRefinementThreads                  = 8                                         {product} {ergonomic}
   size_t G1HeapRegionSize                         = 1048576                                   {product} {ergonomic}
    uintx GCDrainStackTargetSize                   = 64                                        {product} {ergonomic}
   size_t InitialHeapSize                          = 132120576                                 {product} {ergonomic}
   size_t MarkStackSize                            = 4194304                                   {product} {ergonomic}
   size_t MaxHeapSize                              = 2099249152                                {product} {ergonomic}
   size_t MinHeapDeltaBytes                        = 1048576                                   {product} {ergonomic}
   size_t MinHeapSize                              = 8388608                                   {product} {ergonomic}
    uintx NonNMethodCodeHeapSize                   = 5839372                                {pd product} {ergonomic}
    uintx NonProfiledCodeHeapSize                  = 122909434                              {pd product} {ergonomic}
    uintx ProfiledCodeHeapSize                     = 122909434                              {pd product} {ergonomic}
    uintx ReservedCodeCacheSize                    = 251658240                              {pd product} {ergonomic}
     bool SegmentedCodeCache                       = true                                      {product} {ergonomic}
     bool ShowCodeDetailsInExceptionMessages       = true                                   {manageable} {command line}
   size_t SoftMaxHeapSize                          = 2099249152                             {manageable} {ergonomic}
     bool UseCompressedClassPointers               = true                           {product lp64_product} {ergonomic}
     bool UseCompressedOops                        = true                           {product lp64_product} {ergonomic}
     bool UseG1GC                                  = true                                      {product} {ergonomic}
     bool UseLargePagesIndividualAllocation        = false                                  {pd product} {ergonomic}

Logging:
Log output configuration:
 #0: stdout all=warning uptime,level,tags
 #1: stderr all=off uptime,level,tags

Environment Variables:
JAVA_HOME=C:\Program Files\Java\jdk-16.0.1
PATH=C:\Program Files\Common Files\Oracle\Java\javapath;C:\Windows\system32;C:\Windows;C:\Windows\System32\Wbem;C:\Windows\System32\WindowsPowerShell\v1.0\;C:\Windows\System32\OpenSSH\;C:\Program Files (x86)\Microsoft SQL Server\150\DTS\Binn\;C:\Program Files\Azure Data Studio\bin;C:\Program Files (x86)\NVIDIA Corporation\PhysX\Common;C:\Program Files\NVIDIA Corporation\NVIDIA NvDLISR;C:\Program Files\Java\jdk-16.0.1\bin;C:\Users\evilm\AppData\Local\Programs\Python\Python38\Scripts\;C:\Users\evilm\AppData\Local\Programs\Python\Python38\;C:\Users\evilm\AppData\Local\Microsoft\WindowsApps;;C:\Program Files\Azure Data Studio\bin;C:\Program Files\JetBrains\CLion 2021.1.2\bin;
USERNAME=evilm
OS=Windows_NT
PROCESSOR_IDENTIFIER=AMD64 Family 23 Model 24 Stepping 1, AuthenticAMD



---------------  S Y S T E M  ---------------

OS:
 Windows 10 , 64 bit Build 19041 (10.0.19041.1023)
OS uptime: 1 days 6:15 hours

CPU: total 8 (initial active 8) (8 cores per cpu, 2 threads per core) family 23 model 24 stepping 1 microcode 0x0, cx8, cmov, fxsr, ht, mmx, 3dnowpref, sse, sse2, sse3, ssse3, sse4a, sse4.1, sse4.2, popcnt, lzcnt, tsc, tscinvbit, avx, avx2, aes, clmul, bmi1, bmi2, adx, sha, fma, vzeroupper, clflush, clflushopt

Memory: 4k page, system-wide physical 8001M (408M free)
TotalPageFile size 32577M (AvailPageFile size 49M)
current process WorkingSet (physical memory assigned to process): 10M, peak: 10M
current process commit charge ("private bytes"): 60M, peak: 186M

vm_info: Java HotSpot(TM) 64-Bit Server VM (16.0.1+9-24) for windows-amd64 JRE (16.0.1+9-24), built on Mar 26 2021 19:31:42 by "mach5one" with MS VC++ 16.7 (VS2019)

END.
